<?xml version="1.0" encoding="UTF-8"?>
<!-- Generated by org.testng.reporters.JUnitReportReporter -->
<testsuite skipped="0" hostname="NRANGASA-IN" name="com.gradle.selenium.DragNDropDataFlow" tests="1" failures="0" timestamp="04 Feb 2019 17:20:30 GMT" time="4.336" errors="0">
  <testcase name="testSelenium" time="4.336" classname="com.gradle.selenium.DragNDropDataFlow"/>
</testsuite> <!-- com.gradle.selenium.DragNDropDataFlow -->
