<?xml version="1.0" encoding="UTF-8"?>
<!-- Generated by org.testng.reporters.JUnitReportReporter -->
<testsuite skipped="2" hostname="NRANGASA-IN" name="com.gradle.selenium.SeleniumTestOne" tests="3" failures="0" timestamp="01 Feb 2019 09:52:09 GMT" time="26.132" errors="0">
  <testcase name="testThree" time="26.132" classname="com.gradle.selenium.SeleniumTestOne"/>
  <testcase name="testTwo" classname="com.gradle.selenium.SeleniumTestOne">
    <skipped/>
  </testcase> <!-- testTwo -->
  <testcase name="testOne" classname="com.gradle.selenium.SeleniumTestOne">
    <skipped/>
  </testcase> <!-- testOne -->
</testsuite> <!-- com.gradle.selenium.SeleniumTestOne -->
