<?xml version="1.0" encoding="UTF-8"?>
<!-- Generated by org.testng.reporters.JUnitReportReporter -->
<testsuite skipped="0" hostname="NRANGASA-IN" name="com.gradle.selenium.DragAndDropTest" tests="1" failures="0" timestamp="01 Feb 2019 10:34:26 GMT" time="17.617" errors="0">
  <testcase name="testOne" time="17.617" classname="com.gradle.selenium.DragAndDropTest"/>
</testsuite> <!-- com.gradle.selenium.DragAndDropTest -->
