<?xml version="1.0" encoding="UTF-8"?>
<!-- Generated by org.testng.reporters.JUnitReportReporter -->
<testsuite skipped="1" hostname="NRANGASA-IN" name="com.gradle.selenium.SampleDragNDrop" tests="2" failures="0" timestamp="05 Feb 2019 06:39:02 GMT" time="8.026" errors="0">
  <testcase name="testJavaScript" time="8.026" classname="com.gradle.selenium.SampleDragNDrop"/>
  <testcase name="testSelenium" classname="com.gradle.selenium.SampleDragNDrop">
    <skipped/>
  </testcase> <!-- testSelenium -->
</testsuite> <!-- com.gradle.selenium.SampleDragNDrop -->
