<?xml version="1.0" encoding="UTF-8"?>
<!-- Generated by org.testng.reporters.JUnitReportReporter -->
<testsuite skipped="2" hostname="NRANGASA-IN" name="com.gradle.selenium.DataFlowDragNDropDataFlow" tests="3" failures="0" timestamp="20 Feb 2019 11:59:02 GMT" time="22.863" errors="0">
  <testcase name="testCanvasDragNDrop" time="22.863" classname="com.gradle.selenium.DataFlowDragNDropDataFlow"/>
  <testcase name="testSelenium" classname="com.gradle.selenium.DataFlowDragNDropDataFlow">
    <skipped/>
  </testcase> <!-- testSelenium -->
  <testcase name="testJavaScript" classname="com.gradle.selenium.DataFlowDragNDropDataFlow">
    <skipped/>
  </testcase> <!-- testJavaScript -->
</testsuite> <!-- com.gradle.selenium.DataFlowDragNDropDataFlow -->
