<?xml version="1.0" encoding="UTF-8"?>
<!-- Generated by org.testng.reporters.JUnitReportReporter -->
<testsuite skipped="0" hostname="NRANGASA-IN" name="com.dataflow.ui.testcase.DataFlowTestCase" tests="1" failures="0" timestamp="19 Mar 2019 04:14:48 GMT" time="6.725" errors="0">
  <testcase name="testOne" time="6.725" classname="com.dataflow.ui.testcase.DataFlowTestCase"/>
</testsuite> <!-- com.dataflow.ui.testcase.DataFlowTestCase -->
